<?xml version="1.0" encoding="UTF-8"?>
<!-- Generated by org.testng.reporters.JUnitReportReporter -->
<testsuite hostname="LAPTOP-5HE953J4" failures="0" tests="1" name="restAssured.Git" time="3.743" errors="0" timestamp="2024-05-28T13:48:39 IST" skipped="0">
  <testcase classname="restAssured.Git" name="CreateARepo" time="3.743"/>
  <system-out/>
</testsuite> <!-- restAssured.Git -->
