<?xml version="1.0" encoding="UTF-8"?>
<!-- Generated by org.testng.reporters.JUnitReportReporter -->
<testsuite hostname="LAPTOP-5HE953J4" failures="0" tests="5" name="restAssured.Employee" time="2.986" errors="0" timestamp="2024-05-27T18:46:56 IST" skipped="4">
  <testcase classname="restAssured.Employee" name="deleteemployee" time="2.986"/>
  <system-out/>
  <testcase classname="restAssured.Employee" name="Employeeid">
    <skipped/>
  </testcase> <!-- Employeeid -->
  <system-out/>
  <testcase classname="restAssured.Employee" name="getEmployee">
    <skipped/>
  </testcase> <!-- getEmployee -->
  <system-out/>
  <testcase classname="restAssured.Employee" name="create">
    <skipped/>
  </testcase> <!-- create -->
  <system-out/>
  <testcase classname="restAssured.Employee" name="updateId">
    <skipped/>
  </testcase> <!-- updateId -->
  <system-out/>
</testsuite> <!-- restAssured.Employee -->
