<?xml version="1.0" encoding="UTF-8"?>
<!-- Generated by org.testng.reporters.JUnitReportReporter -->
<testsuite hostname="LAPTOP-5HE953J4" failures="0" tests="15" name="restAssured.Reqres" time="5.363" errors="0" timestamp="2024-05-24T17:29:38 IST" skipped="14">
  <testcase classname="restAssured.Reqres" name="delayedResponse" time="5.363"/>
  <system-out/>
  <testcase classname="restAssured.Reqres" name="loginunSuccessfull">
    <skipped/>
  </testcase> <!-- loginunSuccessfull -->
  <system-out/>
  <testcase classname="restAssured.Reqres" name="singleUser">
    <skipped/>
  </testcase> <!-- singleUser -->
  <system-out/>
  <testcase classname="restAssured.Reqres" name="update1">
    <skipped/>
  </testcase> <!-- update1 -->
  <system-out/>
  <testcase classname="restAssured.Reqres" name="singleResource">
    <skipped/>
  </testcase> <!-- singleResource -->
  <system-out/>
  <testcase classname="restAssured.Reqres" name="singResourceNotFound">
    <skipped/>
  </testcase> <!-- singResourceNotFound -->
  <system-out/>
  <testcase classname="restAssured.Reqres" name="singleUserNotFound">
    <skipped/>
  </testcase> <!-- singleUserNotFound -->
  <system-out/>
  <testcase classname="restAssured.Reqres" name="delete">
    <skipped/>
  </testcase> <!-- delete -->
  <system-out/>
  <testcase classname="restAssured.Reqres" name="registerunSuccessfull">
    <skipped/>
  </testcase> <!-- registerunSuccessfull -->
  <system-out/>
  <testcase classname="restAssured.Reqres" name="listResource">
    <skipped/>
  </testcase> <!-- listResource -->
  <system-out/>
  <testcase classname="restAssured.Reqres" name="loginSuccessfull">
    <skipped/>
  </testcase> <!-- loginSuccessfull -->
  <system-out/>
  <testcase classname="restAssured.Reqres" name="listOfUsers">
    <skipped/>
  </testcase> <!-- listOfUsers -->
  <system-out/>
  <testcase classname="restAssured.Reqres" name="create">
    <skipped/>
  </testcase> <!-- create -->
  <system-out/>
  <testcase classname="restAssured.Reqres" name="update">
    <skipped/>
  </testcase> <!-- update -->
  <system-out/>
  <testcase classname="restAssured.Reqres" name="registerSuccessfull">
    <skipped/>
  </testcase> <!-- registerSuccessfull -->
  <system-out/>
</testsuite> <!-- restAssured.Reqres -->
