<?xml version="1.0" encoding="UTF-8"?>
<!-- Generated by org.testng.reporters.JUnitReportReporter -->
<testsuite hostname="LAPTOP-5HE953J4" failures="0" tests="13" name="restAssured.DummyWebsite" time="4.765" errors="0" timestamp="2024-06-17T16:57:54 IST" skipped="12">
  <testcase classname="restAssured.DummyWebsite" name="loginToGetToken" time="4.765"/>
  <system-out/>
  <testcase classname="restAssured.DummyWebsite" name="getAllProducts">
    <skipped/>
  </testcase> <!-- getAllProducts -->
  <system-out/>
  <testcase classname="restAssured.DummyWebsite" name="sorttheProduct">
    <skipped/>
  </testcase> <!-- sorttheProduct -->
  <system-out/>
  <testcase classname="restAssured.DummyWebsite" name="refreshAuthSession">
    <skipped/>
  </testcase> <!-- refreshAuthSession -->
  <system-out/>
  <testcase classname="restAssured.DummyWebsite" name="getaSingleProduct">
    <skipped/>
  </testcase> <!-- getaSingleProduct -->
  <system-out/>
  <testcase classname="restAssured.DummyWebsite" name="getProductCategoryList">
    <skipped/>
  </testcase> <!-- getProductCategoryList -->
  <system-out/>
  <testcase classname="restAssured.DummyWebsite" name="limitandskipaProduct">
    <skipped/>
  </testcase> <!-- limitandskipaProduct -->
  <system-out/>
  <testcase classname="restAssured.DummyWebsite" name="AddAProduct">
    <skipped/>
  </testcase> <!-- AddAProduct -->
  <system-out/>
  <testcase classname="restAssured.DummyWebsite" name="updateAProduct">
    <skipped/>
  </testcase> <!-- updateAProduct -->
  <system-out/>
  <testcase classname="restAssured.DummyWebsite" name="getAuthUser">
    <skipped/>
  </testcase> <!-- getAuthUser -->
  <system-out/>
  <testcase classname="restAssured.DummyWebsite" name="getAlltheProduct">
    <skipped/>
  </testcase> <!-- getAlltheProduct -->
  <system-out/>
  <testcase classname="restAssured.DummyWebsite" name="getProductBycategory">
    <skipped/>
  </testcase> <!-- getProductBycategory -->
  <system-out/>
  <testcase classname="restAssured.DummyWebsite" name="searchForAproduct">
    <skipped/>
  </testcase> <!-- searchForAproduct -->
  <system-out/>
</testsuite> <!-- restAssured.DummyWebsite -->
