<?xml version="1.0" encoding="UTF-8"?>
<!-- Generated by org.testng.reporters.JUnitReportReporter -->
<testsuite hostname="LAPTOP-5HE953J4" failures="0" tests="3" name="restAssured.Trello" time="7.490" errors="0" timestamp="2024-05-28T12:00:25 IST" skipped="0">
  <testcase classname="restAssured.Trello" name="createAboard" time="4.580"/>
  <system-out/>
  <testcase classname="restAssured.Trello" name="getAbook" time="0.510"/>
  <system-out/>
  <testcase classname="restAssured.Trello" name="deleteAboard" time="2.400"/>
  <system-out/>
</testsuite> <!-- restAssured.Trello -->
