<?xml version="1.0" encoding="UTF-8"?>
<!-- Generated by org.testng.reporters.JUnitReportReporter -->
<testsuite hostname="LAPTOP-5HE953J4" failures="0" tests="9" name="restAssured.SimpleBookAPI" time="2.995" errors="0" timestamp="2024-05-27T17:38:57 IST" skipped="8">
  <testcase classname="restAssured.SimpleBookAPI" name="Delete" time="2.995"/>
  <system-out/>
  <testcase classname="restAssured.SimpleBookAPI" name="listofbooks">
    <skipped/>
  </testcase> <!-- listofbooks -->
  <system-out/>
  <testcase classname="restAssured.SimpleBookAPI" name="getAllOrder">
    <skipped/>
  </testcase> <!-- getAllOrder -->
  <system-out/>
  <testcase classname="restAssured.SimpleBookAPI" name="submitAnorder">
    <skipped/>
  </testcase> <!-- submitAnorder -->
  <system-out/>
  <testcase classname="restAssured.SimpleBookAPI" name="updateAnorder">
    <skipped/>
  </testcase> <!-- updateAnorder -->
  <system-out/>
  <testcase classname="restAssured.SimpleBookAPI" name="getASingleBook">
    <skipped/>
  </testcase> <!-- getASingleBook -->
  <system-out/>
  <testcase classname="restAssured.SimpleBookAPI" name="authentication">
    <skipped/>
  </testcase> <!-- authentication -->
  <system-out/>
  <testcase classname="restAssured.SimpleBookAPI" name="getAnOrders">
    <skipped/>
  </testcase> <!-- getAnOrders -->
  <system-out/>
  <testcase classname="restAssured.SimpleBookAPI" name="status">
    <skipped/>
  </testcase> <!-- status -->
  <system-out/>
</testsuite> <!-- restAssured.SimpleBookAPI -->
